This file contains any messages produced by compilers while
running configure, to aid debugging if configure makes a mistake.

It was created by ../src/ramsmain.f90 configure 5.0.1, which was
generated by GNU Autoconf 2.69.  Invocation command line was

  $ ./configure --prefix=/home/rpsouto/brams/BRAMS-5.2/build_release --program-prefix=BRAMS --with-fpcomp=mpif90 --with-fcomp=gfortran --with-cpcomp=mpicc --with-ccomp=gcc --with-chem=RELACS_TUV --with-aer=SIMPLE --with-hdf5lib=/home/rpsouto/usr/local/spack/git/v0.18.1/opt/spack/linux-ubuntu20.04-skylake/gcc-8.4.0/hdf5-1.12.2-wbqymagzc7m2cx7r6hf7tlzefsadzspz

## --------- ##
## Platform. ##
## --------- ##

hostname = apocatu
uname -m = x86_64
uname -r = 5.4.0-150-generic
uname -s = Linux
uname -v = #167-Ubuntu SMP Mon May 15 17:35:05 UTC 2023

/usr/bin/uname -p = unknown
/bin/uname -X     = unknown

/bin/arch              = unknown
/usr/bin/arch -k       = unknown
/usr/convex/getsysinfo = unknown
/usr/bin/hostinfo      = unknown
/bin/machine           = unknown
/usr/bin/oslevel       = unknown
/bin/universe          = unknown

PATH: /home/rpsouto/usr/local/spack/git/v0.18.1/opt/spack/linux-ubuntu20.04-skylake/gcc-8.4.0/hdf5-1.12.2-wbqymagzc7m2cx7r6hf7tlzefsadzspz/bin
PATH: /home/rpsouto/usr/local/spack/git/v0.18.1/opt/spack/linux-ubuntu20.04-skylake/gcc-8.4.0/pkgconf-1.8.0-t56jmhnjodcl7ay3zhhvs3wftezzqjqz/bin
PATH: /home/rpsouto/usr/local/spack/git/v0.18.1/opt/spack/linux-ubuntu20.04-skylake/gcc-8.4.0/hdf5-1.12.2-kj6t3y522sertvllzxffduwbqedd4ula/bin
PATH: /home/rpsouto/usr/local/spack/git/v0.18.1/opt/spack/linux-ubuntu20.04-skylake/gcc-8.4.0/pkgconf-1.8.0-t56jmhnjodcl7ay3zhhvs3wftezzqjqz/bin
PATH: /home/rpsouto/usr/local/spack/git/v0.18.1/bin
PATH: /home/rpsouto/usr/local/fortran/tool/camfort/releases/fortran-src-version-0.12.0/.stack-work/dist/x86_64-linux/Cabal-3.4.1.0/build/fortran-src
PATH: /home/rpsouto/.cabal/bin
PATH: /home/rpsouto/.ghcup/bin
PATH: /home/rpsouto/gems/bin
PATH: /home/rpsouto/usr/local/scalasca/cube/4.6/scalasca/releases/cube/4.6/dist/cubegui-4.6/build/bin
PATH: /home/rpsouto/usr/local/scalasca/cube/4.6/scalasca/releases/cube/4.6/dist/cubelib-4.6/build/bin
PATH: /home/rpsouto/usr/local/maqao/maqao/2.13.2
PATH: /home/rpsouto/.local/bin
PATH: /usr/local/sbin
PATH: /usr/local/bin
PATH: /usr/sbin
PATH: /usr/bin
PATH: /sbin
PATH: /bin
PATH: /usr/games
PATH: /usr/local/games
PATH: /snap/bin


## ----------- ##
## Core tests. ##
## ----------- ##

configure:2151: checking for a BSD-compatible install
configure:2219: result: /usr/bin/install -c
configure:2230: checking whether build environment is sane
configure:2285: result: yes
configure:2434: checking for a thread-safe mkdir -p
configure:2473: result: /bin/mkdir -p
configure:2480: checking for gawk
configure:2510: result: no
configure:2480: checking for mawk
configure:2496: found /usr/bin/mawk
configure:2507: result: mawk
configure:2518: checking whether make sets $(MAKE)
configure:2540: result: yes
configure:2569: checking whether make supports nested variables
configure:2586: result: yes
configure:2718: checking fpcomp Fortran Parallel Compiler
configure:2742: checking fcomp Fortran Compiler
configure:2766: checking cpcomp C Parallel Compiler
configure:2790: checking ccomp C Compiler
configure:2814: checking aer mechanism
configure:2845: checking aerosol level
configure:2876: checking chem mechanism
configure:2908: checking zlib lib
configure:2958: checking for style of include used by make
configure:2986: result: GNU
configure:3057: checking for gcc
configure:3073: found /usr/bin/gcc
configure:3084: result: gcc
configure:3313: checking for C compiler version
configure:3322: gcc --version >&5
gcc (Ubuntu 8.4.0-3ubuntu2) 8.4.0
Copyright (C) 2018 Free Software Foundation, Inc.
This is free software; see the source for copying conditions.  There is NO
warranty; not even for MERCHANTABILITY or FITNESS FOR A PARTICULAR PURPOSE.

configure:3333: $? = 0
configure:3322: gcc -v >&5
Using built-in specs.
COLLECT_GCC=gcc
COLLECT_LTO_WRAPPER=/usr/lib/gcc/x86_64-linux-gnu/8/lto-wrapper
OFFLOAD_TARGET_NAMES=nvptx-none
OFFLOAD_TARGET_DEFAULT=1
Target: x86_64-linux-gnu
Configured with: ../src/configure -v --with-pkgversion='Ubuntu 8.4.0-3ubuntu2' --with-bugurl=file:///usr/share/doc/gcc-8/README.Bugs --enable-languages=c,ada,c++,go,brig,d,fortran,objc,obj-c++ --prefix=/usr --with-gcc-major-version-only --program-suffix=-8 --program-prefix=x86_64-linux-gnu- --enable-shared --enable-linker-build-id --libexecdir=/usr/lib --without-included-gettext --enable-threads=posix --libdir=/usr/lib --enable-nls --enable-bootstrap --enable-clocale=gnu --enable-libstdcxx-debug --enable-libstdcxx-time=yes --with-default-libstdcxx-abi=new --enable-gnu-unique-object --disable-vtable-verify --enable-libmpx --enable-plugin --enable-default-pie --with-system-zlib --with-target-system-zlib=auto --enable-objc-gc=auto --enable-multiarch --disable-werror --with-arch-32=i686 --with-abi=m64 --with-multilib-list=m32,m64,mx32 --enable-multilib --with-tune=generic --enable-offload-targets=nvptx-none --without-cuda-driver --enable-checking=release --build=x86_64-linux-gnu --host=x86_64-linux-gnu --target=x86_64-linux-gnu
Thread model: posix
gcc version 8.4.0 (Ubuntu 8.4.0-3ubuntu2) 
configure:3333: $? = 0
configure:3322: gcc -V >&5
gcc: error: unrecognized command line option '-V'
gcc: fatal error: no input files
compilation terminated.
configure:3333: $? = 1
configure:3322: gcc -qversion >&5
gcc: error: unrecognized command line option '-qversion'; did you mean '--version'?
gcc: fatal error: no input files
compilation terminated.
configure:3333: $? = 1
configure:3353: checking whether the C compiler works
configure:3375: gcc    conftest.c  >&5
configure:3379: $? = 0
configure:3427: result: yes
configure:3430: checking for C compiler default output file name
configure:3432: result: a.out
configure:3438: checking for suffix of executables
configure:3445: gcc -o conftest    conftest.c  >&5
configure:3449: $? = 0
configure:3471: result: 
configure:3493: checking whether we are cross compiling
configure:3501: gcc -o conftest    conftest.c  >&5
configure:3505: $? = 0
configure:3512: ./conftest
configure:3516: $? = 0
configure:3504: result: no
configure:3509: checking for suffix of object files
configure:3531: gcc -c   conftest.c >&5
configure:3535: $? = 0
configure:3556: result: o
configure:3560: checking whether we are using the GNU C compiler
configure:3579: gcc -c   conftest.c >&5
configure:3579: $? = 0
configure:3588: result: yes
configure:3597: checking whether gcc accepts -g
configure:3617: gcc -c -g  conftest.c >&5
configure:3617: $? = 0
configure:3658: result: yes
configure:3675: checking for gcc option to accept ISO C89
configure:3738: gcc  -c -g -O2  conftest.c >&5
configure:3738: $? = 0
configure:3751: result: none needed
configure:3776: checking whether gcc understands -c and -o together
configure:3798: gcc -c conftest.c -o conftest2.o
configure:3801: $? = 0
configure:3798: gcc -c conftest.c -o conftest2.o
configure:3801: $? = 0
configure:3813: result: yes
configure:3832: checking dependency style of gcc
configure:3943: result: none
configure:3964: checking how to run the C preprocessor
configure:3995: gcc -E  conftest.c
configure:3995: $? = 0
configure:4009: gcc -E  conftest.c
conftest.c:11:10: fatal error: ac_nonexistent.h: No such file or directory
 #include <ac_nonexistent.h>
          ^~~~~~~~~~~~~~~~~~
compilation terminated.
configure:4009: $? = 1
configure: failed program was:
| /* confdefs.h */
| #define PACKAGE_NAME "../src/ramsmain.f90"
| #define PACKAGE_TARNAME "---src-ramsmain-f90"
| #define PACKAGE_VERSION "5.0.1"
| #define PACKAGE_STRING "../src/ramsmain.f90 5.0.1"
| #define PACKAGE_BUGREPORT ""
| #define PACKAGE_URL ""
| #define PACKAGE "brams"
| #define VERSION "5.0.1"
| /* end confdefs.h.  */
| #include <ac_nonexistent.h>
configure:4034: result: gcc -E
configure:4054: gcc -E  conftest.c
configure:4054: $? = 0
configure:4068: gcc -E  conftest.c
conftest.c:11:10: fatal error: ac_nonexistent.h: No such file or directory
 #include <ac_nonexistent.h>
          ^~~~~~~~~~~~~~~~~~
compilation terminated.
configure:4068: $? = 1
configure: failed program was:
| /* confdefs.h */
| #define PACKAGE_NAME "../src/ramsmain.f90"
| #define PACKAGE_TARNAME "---src-ramsmain-f90"
| #define PACKAGE_VERSION "5.0.1"
| #define PACKAGE_STRING "../src/ramsmain.f90 5.0.1"
| #define PACKAGE_BUGREPORT ""
| #define PACKAGE_URL ""
| #define PACKAGE "brams"
| #define VERSION "5.0.1"
| /* end confdefs.h.  */
| #include <ac_nonexistent.h>
configure:4097: checking for grep that handles long lines and -e
configure:4155: result: /bin/grep
configure:4160: checking for egrep
configure:4222: result: /bin/grep -E
configure:4227: checking for ANSI C header files
configure:4247: gcc -c -g -O2  conftest.c >&5
configure:4247: $? = 0
configure:4320: gcc -o conftest -g -O2   conftest.c  >&5
configure:4320: $? = 0
configure:4320: ./conftest
configure:4320: $? = 0
configure:4331: result: yes
configure:4344: checking for sys/types.h
configure:4344: gcc -c -g -O2  conftest.c >&5
configure:4344: $? = 0
configure:4344: result: yes
configure:4344: checking for sys/stat.h
configure:4344: gcc -c -g -O2  conftest.c >&5
configure:4344: $? = 0
configure:4344: result: yes
configure:4344: checking for stdlib.h
configure:4344: gcc -c -g -O2  conftest.c >&5
configure:4344: $? = 0
configure:4344: result: yes
configure:4344: checking for string.h
configure:4344: gcc -c -g -O2  conftest.c >&5
configure:4344: $? = 0
configure:4344: result: yes
configure:4344: checking for memory.h
configure:4344: gcc -c -g -O2  conftest.c >&5
configure:4344: $? = 0
configure:4344: result: yes
configure:4344: checking for strings.h
configure:4344: gcc -c -g -O2  conftest.c >&5
configure:4344: $? = 0
configure:4344: result: yes
configure:4344: checking for inttypes.h
configure:4344: gcc -c -g -O2  conftest.c >&5
configure:4344: $? = 0
configure:4344: result: yes
configure:4344: checking for stdint.h
configure:4344: gcc -c -g -O2  conftest.c >&5
configure:4344: $? = 0
configure:4344: result: yes
configure:4344: checking for unistd.h
configure:4344: gcc -c -g -O2  conftest.c >&5
configure:4344: $? = 0
configure:4344: result: yes
configure:4358: checking zlib.h usability
configure:4358: gcc -c -g -O2  conftest.c >&5
configure:4358: $? = 0
configure:4358: result: yes
configure:4358: checking zlib.h presence
configure:4358: gcc -E  conftest.c
configure:4358: $? = 0
configure:4358: result: yes
configure:4358: checking for zlib.h
configure:4358: result: yes
configure:4372: checking hdf5 lib
configure:4664: checking that generated files are newer than configure
configure:4670: result: done
configure:4693: creating ./config.status

## ---------------------- ##
## Running config.status. ##
## ---------------------- ##

This file was extended by ../src/ramsmain.f90 config.status 5.0.1, which was
generated by GNU Autoconf 2.69.  Invocation command line was

  CONFIG_FILES    = 
  CONFIG_HEADERS  = 
  CONFIG_LINKS    = 
  CONFIG_COMMANDS = 
  $ ./config.status 

on apocatu

config.status:787: creating Makefile
config.status:787: creating Make_utils
config.status:787: creating ../src/jules/LIB/Makefile
config.status:959: executing depfiles commands

## ---------------- ##
## Cache variables. ##
## ---------------- ##

ac_cv_c_compiler_gnu=yes
ac_cv_env_CC_set=
ac_cv_env_CC_value=
ac_cv_env_CFLAGS_set=
ac_cv_env_CFLAGS_value=
ac_cv_env_CPPFLAGS_set=
ac_cv_env_CPPFLAGS_value=
ac_cv_env_CPP_set=
ac_cv_env_CPP_value=
ac_cv_env_LDFLAGS_set=
ac_cv_env_LDFLAGS_value=
ac_cv_env_LIBS_set=
ac_cv_env_LIBS_value=
ac_cv_env_build_alias_set=
ac_cv_env_build_alias_value=
ac_cv_env_host_alias_set=
ac_cv_env_host_alias_value=
ac_cv_env_target_alias_set=
ac_cv_env_target_alias_value=
ac_cv_header_inttypes_h=yes
ac_cv_header_memory_h=yes
ac_cv_header_stdc=yes
ac_cv_header_stdint_h=yes
ac_cv_header_stdlib_h=yes
ac_cv_header_string_h=yes
ac_cv_header_strings_h=yes
ac_cv_header_sys_stat_h=yes
ac_cv_header_sys_types_h=yes
ac_cv_header_unistd_h=yes
ac_cv_header_zlib_h=yes
ac_cv_objext=o
ac_cv_path_EGREP='/bin/grep -E'
ac_cv_path_GREP=/bin/grep
ac_cv_path_install='/usr/bin/install -c'
ac_cv_path_mkdir=/bin/mkdir
ac_cv_prog_AWK=mawk
ac_cv_prog_CPP='gcc -E'
ac_cv_prog_ac_ct_CC=gcc
ac_cv_prog_cc_c89=
ac_cv_prog_cc_g=yes
ac_cv_prog_make_make_set=yes
am_cv_CC_dependencies_compiler_type=none
am_cv_make_support_nested_variables=yes
am_cv_prog_cc_c_o=yes

## ----------------- ##
## Output variables. ##
## ----------------- ##

ACLOCAL='${SHELL} /home/rpsouto/brams/BRAMS-5.2/build_release/missing aclocal-1.14'
AER='SIMPLE'
AMDEPBACKSLASH='\'
AMDEP_FALSE='#'
AMDEP_TRUE=''
AMTAR='$${TAR-tar}'
AM_BACKSLASH='\'
AM_DEFAULT_V='$(AM_DEFAULT_VERBOSITY)'
AM_DEFAULT_VERBOSITY='1'
AM_V='$(V)'
AUTOCONF='${SHELL} /home/rpsouto/brams/BRAMS-5.2/build_release/missing autoconf'
AUTOHEADER='${SHELL} /home/rpsouto/brams/BRAMS-5.2/build_release/missing autoheader'
AUTOMAKE='${SHELL} /home/rpsouto/brams/BRAMS-5.2/build_release/missing automake-1.14'
AWK='mawk'
CC='gcc'
CCDEPMODE='depmode=none'
CCOMP='gcc'
CFLAGS='-g -O2'
CHEM='RELACS_TUV'
CMACH='PC_LINUX1'
CPCOMP='mpicc'
CPP='gcc -E'
CPPFLAGS=''
CYGPATH_W='echo'
DEFS='-DPACKAGE_NAME=\"../src/ramsmain.f90\" -DPACKAGE_TARNAME=\"---src-ramsmain-f90\" -DPACKAGE_VERSION=\"5.0.1\" -DPACKAGE_STRING=\"../src/ramsmain.f90\ 5.0.1\" -DPACKAGE_BUGREPORT=\"\" -DPACKAGE_URL=\"\" -DPACKAGE=\"brams\" -DVERSION=\"5.0.1\" -DSTDC_HEADERS=1 -DHAVE_SYS_TYPES_H=1 -DHAVE_SYS_STAT_H=1 -DHAVE_STDLIB_H=1 -DHAVE_STRING_H=1 -DHAVE_MEMORY_H=1 -DHAVE_STRINGS_H=1 -DHAVE_INTTYPES_H=1 -DHAVE_STDINT_H=1 -DHAVE_UNISTD_H=1 -DHAVE_ZLIB_H=1'
DEPDIR='.deps'
ECHO_C=''
ECHO_N='-n'
ECHO_T=''
EGREP='/bin/grep -E'
EXEEXT=''
FCOMP='gfortran'
FPCOMP='mpif90'
GREP='/bin/grep'
HAVE_ZLIB='no'
HDF5LIB='/home/rpsouto/usr/local/spack/git/v0.18.1/opt/spack/linux-ubuntu20.04-skylake/gcc-8.4.0/hdf5-1.12.2-wbqymagzc7m2cx7r6hf7tlzefsadzspz'
INSTALL_DATA='${INSTALL} -m 644'
INSTALL_PROGRAM='${INSTALL}'
INSTALL_SCRIPT='${INSTALL}'
INSTALL_STRIP_PROGRAM='$(install_sh) -c -s'
LDFLAGS=''
LIBOBJS=''
LIBS=''
LTLIBOBJS=''
MAKEINFO='${SHELL} /home/rpsouto/brams/BRAMS-5.2/build_release/missing makeinfo'
MATRIXLEV='1'
MKDIR_P='/bin/mkdir -p'
OBJEXT='o'
PACKAGE='brams'
PACKAGE_BUGREPORT=''
PACKAGE_NAME='../src/ramsmain.f90'
PACKAGE_STRING='../src/ramsmain.f90 5.0.1'
PACKAGE_TARNAME='---src-ramsmain-f90'
PACKAGE_URL=''
PACKAGE_VERSION='5.0.1'
PAR_DEFS='-DRAMS_MPI'
PATH_SEPARATOR=':'
SET_MAKE=''
SHELL='/bin/bash'
STRIP=''
VERSION='5.0.1'
ZLIB=''
ac_ct_CC='gcc'
am__EXEEXT_FALSE=''
am__EXEEXT_TRUE='#'
am__fastdepCC_FALSE=''
am__fastdepCC_TRUE='#'
am__include='include'
am__isrc=''
am__leading_dot='.'
am__nodep='_no'
am__quote=''
am__tar='$${TAR-tar} chof - "$$tardir"'
am__untar='$${TAR-tar} xf -'
bindir='${exec_prefix}/bin'
build_alias=''
datadir='${datarootdir}'
datarootdir='${prefix}/share'
docdir='${datarootdir}/doc/${PACKAGE_TARNAME}'
dvidir='${docdir}'
exec_prefix='${prefix}'
host_alias=''
htmldir='${docdir}'
includedir='${prefix}/include'
infodir='${datarootdir}/info'
install_sh='${SHELL} /home/rpsouto/brams/BRAMS-5.2/build_release/install-sh'
jules='false'
libdir='${exec_prefix}/lib'
libexecdir='${exec_prefix}/libexec'
localedir='${datarootdir}/locale'
localstatedir='${prefix}/var'
mandir='${datarootdir}/man'
mkdir_p='$(MKDIR_P)'
oldincludedir='/usr/include'
pdfdir='${docdir}'
prefix='/home/rpsouto/brams/BRAMS-5.2/build_release'
program_transform_name='s&^&BRAMS&'
psdir='${docdir}'
sbindir='${exec_prefix}/sbin'
sharedstatedir='${prefix}/com'
sysconfdir='${prefix}/etc'
target_alias=''

## ----------- ##
## confdefs.h. ##
## ----------- ##

/* confdefs.h */
#define PACKAGE_NAME "../src/ramsmain.f90"
#define PACKAGE_TARNAME "---src-ramsmain-f90"
#define PACKAGE_VERSION "5.0.1"
#define PACKAGE_STRING "../src/ramsmain.f90 5.0.1"
#define PACKAGE_BUGREPORT ""
#define PACKAGE_URL ""
#define PACKAGE "brams"
#define VERSION "5.0.1"
#define STDC_HEADERS 1
#define HAVE_SYS_TYPES_H 1
#define HAVE_SYS_STAT_H 1
#define HAVE_STDLIB_H 1
#define HAVE_STRING_H 1
#define HAVE_MEMORY_H 1
#define HAVE_STRINGS_H 1
#define HAVE_INTTYPES_H 1
#define HAVE_STDINT_H 1
#define HAVE_UNISTD_H 1
#define HAVE_ZLIB_H 1

configure: exit 0
