This file contains any messages produced by compilers while
running configure, to aid debugging if configure makes a mistake.

It was created by ../src/ramsmain.f90 configure 5.0.1, which was
generated by GNU Autoconf 2.69.  Invocation command line was

  $ ./configure --prefix=/home/msmelo/uff/BRAMS-5.2-modified/build_gcc11 --program-prefix=BRAMS --with-fpcomp=mpif90 --with-fcomp=gfortran --with-cpcomp=mpicc --with-ccomp=gcc --with-chem=RELACS_TUV --with-aer=SIMPLE --with-hdf5lib=/home/msmelo/spack/v0.18.1/opt/spack/linux-ubuntu20.04-skylake/gcc-9.4.0/hdf5-1.12.2-ex2m2uihugshflqpoua4dchbkbhsugsu

## --------- ##
## Platform. ##
## --------- ##

hostname = sense8
uname -m = x86_64
uname -r = 5.15.0-73-generic
uname -s = Linux
uname -v = #80~20.04.1-Ubuntu SMP Wed May 17 14:58:14 UTC 2023

/usr/bin/uname -p = x86_64
/bin/uname -X     = unknown

/bin/arch              = x86_64
/usr/bin/arch -k       = unknown
/usr/convex/getsysinfo = unknown
/usr/bin/hostinfo      = unknown
/bin/machine           = unknown
/usr/bin/oslevel       = unknown
/bin/universe          = unknown

PATH: /home/msmelo/spack/v0.18.1/opt/spack/linux-ubuntu20.04-skylake/gcc-9.4.0/gcc-11.3.0-gor5abgtediolsa73ah65c4gaqntkmun/bin
PATH: /home/msmelo/spack/v0.18.1/opt/spack/linux-ubuntu20.04-skylake/gcc-9.4.0/gawk-5.1.1-7a6in4bnpy2o5cd44aicj556l67lfojn/bin
PATH: /home/msmelo/spack/v0.18.1/opt/spack/linux-ubuntu20.04-skylake/gcc-9.4.0/texinfo-6.5-4lg775b6yqpsacypz65huwzmb3wab26e/bin
PATH: /home/msmelo/spack/v0.18.1/opt/spack/linux-ubuntu20.04-skylake/gcc-9.4.0/libtool-2.4.7-q7c3j45ufa25f3ovjsvjsrklb3s4oi7n/bin
PATH: /home/msmelo/spack/v0.18.1/opt/spack/linux-ubuntu20.04-skylake/gcc-9.4.0/automake-1.16.5-nodosfgqigisgevrkoamqoeqc4hchrte/bin
PATH: /home/msmelo/spack/v0.18.1/opt/spack/linux-ubuntu20.04-skylake/gcc-9.4.0/autoconf-2.69-nelptpf4snkrirpkjze22yezhajzkzel/bin
PATH: /home/msmelo/spack/v0.18.1/opt/spack/linux-ubuntu20.04-skylake/gcc-9.4.0/perl-5.34.1-diwxad3ebghljt7va4teo2p4aatibfqj/bin
PATH: /home/msmelo/spack/v0.18.1/opt/spack/linux-ubuntu20.04-skylake/gcc-9.4.0/gdbm-1.19-jgwt7cwl6ocatd3qw5f5z5gxlgdbju3v/bin
PATH: /home/msmelo/spack/v0.18.1/opt/spack/linux-ubuntu20.04-skylake/gcc-9.4.0/readline-8.1-kuk43w734i56jupxqaww6juvfcu7sjng/bin
PATH: /home/msmelo/spack/v0.18.1/opt/spack/linux-ubuntu20.04-skylake/gcc-9.4.0/ncurses-6.2-ltvbbq6jsffffnf42hwx3mfqn72oe6gu/bin
PATH: /home/msmelo/spack/v0.18.1/opt/spack/linux-ubuntu20.04-skylake/gcc-9.4.0/pkgconf-1.8.0-a6ugxcvpfv4drhby5tl4o45cm7novpx6/bin
PATH: /home/msmelo/spack/v0.18.1/opt/spack/linux-ubuntu20.04-skylake/gcc-9.4.0/bzip2-1.0.8-6vkffy7m6dmwsw4vdi6l5wwhp4dnfm7r/bin
PATH: /home/msmelo/spack/v0.18.1/opt/spack/linux-ubuntu20.04-skylake/gcc-9.4.0/berkeley-db-18.1.40-sv4otyh5exppyyxlmygzwrzrleityyp6/bin
PATH: /home/msmelo/spack/v0.18.1/opt/spack/linux-ubuntu20.04-skylake/gcc-9.4.0/m4-1.4.19-tbsazjv36a3tjjonyqwdqlyg6xdoe6bb/bin
PATH: /home/msmelo/spack/v0.18.1/opt/spack/linux-ubuntu20.04-skylake/gcc-9.4.0/diffutils-3.8-pt5p27tbsydtbw5uk3yfpbldau63jqgl/bin
PATH: /home/msmelo/spack/v0.18.1/opt/spack/linux-ubuntu20.04-skylake/gcc-9.4.0/libiconv-1.16-ayhhcqi73lff7usbv7byq37tyw6qczhy/bin
PATH: /home/msmelo/spack/v0.18.1/bin
PATH: /home/msmelo/.jenv/shims
PATH: /home/msmelo/.jenv/bin
PATH: /home/msmelo/maven/apache-maven-3.8.6/bin
PATH: /home/msmelo/.local/bin/virtualenv
PATH: /home/msmelo/.nvm/versions/node/v16.13.0/bin
PATH: /home/msmelo/.local/bin
PATH: /usr/local/sbin
PATH: /usr/local/bin
PATH: /usr/sbin
PATH: /usr/bin
PATH: /sbin
PATH: /bin
PATH: /usr/games
PATH: /usr/local/games
PATH: /snap/bin


## ----------- ##
## Core tests. ##
## ----------- ##

configure:2151: checking for a BSD-compatible install
configure:2219: result: /usr/bin/install -c
configure:2230: checking whether build environment is sane
configure:2285: result: yes
configure:2434: checking for a thread-safe mkdir -p
configure:2473: result: /usr/bin/mkdir -p
configure:2480: checking for gawk
configure:2496: found /home/msmelo/spack/v0.18.1/opt/spack/linux-ubuntu20.04-skylake/gcc-9.4.0/gawk-5.1.1-7a6in4bnpy2o5cd44aicj556l67lfojn/bin/gawk
configure:2507: result: gawk
configure:2518: checking whether make sets $(MAKE)
configure:2540: result: yes
configure:2569: checking whether make supports nested variables
configure:2586: result: yes
configure:2718: checking fpcomp Fortran Parallel Compiler
configure:2742: checking fcomp Fortran Compiler
configure:2766: checking cpcomp C Parallel Compiler
configure:2790: checking ccomp C Compiler
configure:2814: checking aer mechanism
configure:2845: checking aerosol level
configure:2876: checking chem mechanism
configure:2908: checking zlib lib
configure:2958: checking for style of include used by make
configure:2986: result: GNU
configure:3057: checking for gcc
configure:3084: result: /home/msmelo/spack/v0.18.1/opt/spack/linux-ubuntu20.04-skylake/gcc-9.4.0/gcc-11.3.0-gor5abgtediolsa73ah65c4gaqntkmun/bin/gcc
configure:3313: checking for C compiler version
configure:3322: /home/msmelo/spack/v0.18.1/opt/spack/linux-ubuntu20.04-skylake/gcc-9.4.0/gcc-11.3.0-gor5abgtediolsa73ah65c4gaqntkmun/bin/gcc --version >&5
gcc (Spack GCC) 11.3.0
Copyright (C) 2021 Free Software Foundation, Inc.
This is free software; see the source for copying conditions.  There is NO
warranty; not even for MERCHANTABILITY or FITNESS FOR A PARTICULAR PURPOSE.

configure:3333: $? = 0
configure:3322: /home/msmelo/spack/v0.18.1/opt/spack/linux-ubuntu20.04-skylake/gcc-9.4.0/gcc-11.3.0-gor5abgtediolsa73ah65c4gaqntkmun/bin/gcc -v >&5
Reading specs from /home/msmelo/spack/v0.18.1/opt/spack/linux-ubuntu20.04-skylake/gcc-9.4.0/gcc-11.3.0-gor5abgtediolsa73ah65c4gaqntkmun/lib/gcc/x86_64-pc-linux-gnu/11.3.0/specs
COLLECT_GCC=/home/msmelo/spack/v0.18.1/opt/spack/linux-ubuntu20.04-skylake/gcc-9.4.0/gcc-11.3.0-gor5abgtediolsa73ah65c4gaqntkmun/bin/gcc
COLLECT_LTO_WRAPPER=/home/msmelo/spack/v0.18.1/opt/spack/linux-ubuntu20.04-skylake/gcc-9.4.0/gcc-11.3.0-gor5abgtediolsa73ah65c4gaqntkmun/libexec/gcc/x86_64-pc-linux-gnu/11.3.0/lto-wrapper
Target: x86_64-pc-linux-gnu
Configured with: /home/msmelo/.spack/v0.18.1/tmp/spack-stage/spack-stage-gcc-11.3.0-gor5abgtediolsa73ah65c4gaqntkmun/spack-src/configure --prefix=/home/msmelo/spack/v0.18.1/opt/spack/linux-ubuntu20.04-skylake/gcc-9.4.0/gcc-11.3.0-gor5abgtediolsa73ah65c4gaqntkmun --with-pkgversion='Spack GCC' --with-bugurl=https://github.com/spack/spack/issues --disable-multilib --enable-languages=c,c++,fortran --disable-nls --disable-canonical-system-headers --with-system-zlib --with-zstd-include=/home/msmelo/spack/v0.18.1/opt/spack/linux-ubuntu20.04-skylake/gcc-9.4.0/zstd-1.5.2-7ecifw3ziqxge37qcmasa4yxo2jqosjq/include --with-zstd-lib=/home/msmelo/spack/v0.18.1/opt/spack/linux-ubuntu20.04-skylake/gcc-9.4.0/zstd-1.5.2-7ecifw3ziqxge37qcmasa4yxo2jqosjq/lib --enable-bootstrap --with-mpfr-include=/home/msmelo/spack/v0.18.1/opt/spack/linux-ubuntu20.04-skylake/gcc-9.4.0/mpfr-4.1.0-fuatcbqioouembvvtkayrhdd2zylianc/include --with-mpfr-lib=/home/msmelo/spack/v0.18.1/opt/spack/linux-ubuntu20.04-skylake/gcc-9.4.0/mpfr-4.1.0-fuatcbqioouembvvtkayrhdd2zylianc/lib --with-gmp-include=/home/msmelo/spack/v0.18.1/opt/spack/linux-ubuntu20.04-skylake/gcc-9.4.0/gmp-6.2.1-itwz7xyftll4kz3uwb5ujxle4o6mpcpz/include --with-gmp-lib=/home/msmelo/spack/v0.18.1/opt/spack/linux-ubuntu20.04-skylake/gcc-9.4.0/gmp-6.2.1-itwz7xyftll4kz3uwb5ujxle4o6mpcpz/lib --with-mpc-include=/home/msmelo/spack/v0.18.1/opt/spack/linux-ubuntu20.04-skylake/gcc-9.4.0/mpc-1.2.1-rp6wvycj76lfbbibxzh7v6xf4kdtakhk/include --with-mpc-lib=/home/msmelo/spack/v0.18.1/opt/spack/linux-ubuntu20.04-skylake/gcc-9.4.0/mpc-1.2.1-rp6wvycj76lfbbibxzh7v6xf4kdtakhk/lib --without-isl --with-stage1-ldflags='-Wl,-rpath,/home/msmelo/spack/v0.18.1/opt/spack/linux-ubuntu20.04-skylake/gcc-9.4.0/gcc-11.3.0-gor5abgtediolsa73ah65c4gaqntkmun/lib -Wl,-rpath,/home/msmelo/spack/v0.18.1/opt/spack/linux-ubuntu20.04-skylake/gcc-9.4.0/gcc-11.3.0-gor5abgtediolsa73ah65c4gaqntkmun/lib64 -Wl,-rpath,/home/msmelo/spack/v0.18.1/opt/spack/linux-ubuntu20.04-skylake/gcc-9.4.0/gmp-6.2.1-itwz7xyftll4kz3uwb5ujxle4o6mpcpz/lib -Wl,-rpath,/home/msmelo/spack/v0.18.1/opt/spack/linux-ubuntu20.04-skylake/gcc-9.4.0/mpc-1.2.1-rp6wvycj76lfbbibxzh7v6xf4kdtakhk/lib -Wl,-rpath,/home/msmelo/spack/v0.18.1/opt/spack/linux-ubuntu20.04-skylake/gcc-9.4.0/mpfr-4.1.0-fuatcbqioouembvvtkayrhdd2zylianc/lib -Wl,-rpath,/home/msmelo/spack/v0.18.1/opt/spack/linux-ubuntu20.04-skylake/gcc-9.4.0/zlib-1.2.12-pib2bmrtp5xwgl4lcnmimm5o6uwcr2b6/lib -Wl,-rpath,/home/msmelo/spack/v0.18.1/opt/spack/linux-ubuntu20.04-skylake/gcc-9.4.0/zstd-1.5.2-7ecifw3ziqxge37qcmasa4yxo2jqosjq/lib' --with-boot-ldflags='-Wl,-rpath,/home/msmelo/spack/v0.18.1/opt/spack/linux-ubuntu20.04-skylake/gcc-9.4.0/gcc-11.3.0-gor5abgtediolsa73ah65c4gaqntkmun/lib -Wl,-rpath,/home/msmelo/spack/v0.18.1/opt/spack/linux-ubuntu20.04-skylake/gcc-9.4.0/gcc-11.3.0-gor5abgtediolsa73ah65c4gaqntkmun/lib64 -Wl,-rpath,/home/msmelo/spack/v0.18.1/opt/spack/linux-ubuntu20.04-skylake/gcc-9.4.0/gmp-6.2.1-itwz7xyftll4kz3uwb5ujxle4o6mpcpz/lib -Wl,-rpath,/home/msmelo/spack/v0.18.1/opt/spack/linux-ubuntu20.04-skylake/gcc-9.4.0/mpc-1.2.1-rp6wvycj76lfbbibxzh7v6xf4kdtakhk/lib -Wl,-rpath,/home/msmelo/spack/v0.18.1/opt/spack/linux-ubuntu20.04-skylake/gcc-9.4.0/mpfr-4.1.0-fuatcbqioouembvvtkayrhdd2zylianc/lib -Wl,-rpath,/home/msmelo/spack/v0.18.1/opt/spack/linux-ubuntu20.04-skylake/gcc-9.4.0/zlib-1.2.12-pib2bmrtp5xwgl4lcnmimm5o6uwcr2b6/lib -Wl,-rpath,/home/msmelo/spack/v0.18.1/opt/spack/linux-ubuntu20.04-skylake/gcc-9.4.0/zstd-1.5.2-7ecifw3ziqxge37qcmasa4yxo2jqosjq/lib -static-libstdc++ -static-libgcc' --with-build-config=spack
Thread model: posix
Supported LTO compression algorithms: zlib zstd
gcc version 11.3.0 (Spack GCC) 
configure:3333: $? = 0
configure:3322: /home/msmelo/spack/v0.18.1/opt/spack/linux-ubuntu20.04-skylake/gcc-9.4.0/gcc-11.3.0-gor5abgtediolsa73ah65c4gaqntkmun/bin/gcc -V >&5
gcc: error: unrecognized command-line option '-V'
gcc: fatal error: no input files
compilation terminated.
configure:3333: $? = 1
configure:3322: /home/msmelo/spack/v0.18.1/opt/spack/linux-ubuntu20.04-skylake/gcc-9.4.0/gcc-11.3.0-gor5abgtediolsa73ah65c4gaqntkmun/bin/gcc -qversion >&5
gcc: error: unrecognized command-line option '-qversion'; did you mean '--version'?
gcc: fatal error: no input files
compilation terminated.
configure:3333: $? = 1
configure:3353: checking whether the C compiler works
configure:3375: /home/msmelo/spack/v0.18.1/opt/spack/linux-ubuntu20.04-skylake/gcc-9.4.0/gcc-11.3.0-gor5abgtediolsa73ah65c4gaqntkmun/bin/gcc    conftest.c  >&5
configure:3379: $? = 0
configure:3427: result: yes
configure:3430: checking for C compiler default output file name
configure:3432: result: a.out
configure:3438: checking for suffix of executables
configure:3445: /home/msmelo/spack/v0.18.1/opt/spack/linux-ubuntu20.04-skylake/gcc-9.4.0/gcc-11.3.0-gor5abgtediolsa73ah65c4gaqntkmun/bin/gcc -o conftest    conftest.c  >&5
configure:3449: $? = 0
configure:3471: result: 
configure:3493: checking whether we are cross compiling
configure:3501: /home/msmelo/spack/v0.18.1/opt/spack/linux-ubuntu20.04-skylake/gcc-9.4.0/gcc-11.3.0-gor5abgtediolsa73ah65c4gaqntkmun/bin/gcc -o conftest    conftest.c  >&5
configure:3505: $? = 0
configure:3512: ./conftest
configure:3516: $? = 0
configure:3504: result: no
configure:3509: checking for suffix of object files
configure:3531: /home/msmelo/spack/v0.18.1/opt/spack/linux-ubuntu20.04-skylake/gcc-9.4.0/gcc-11.3.0-gor5abgtediolsa73ah65c4gaqntkmun/bin/gcc -c   conftest.c >&5
configure:3535: $? = 0
configure:3556: result: o
configure:3560: checking whether we are using the GNU C compiler
configure:3579: /home/msmelo/spack/v0.18.1/opt/spack/linux-ubuntu20.04-skylake/gcc-9.4.0/gcc-11.3.0-gor5abgtediolsa73ah65c4gaqntkmun/bin/gcc -c   conftest.c >&5
configure:3579: $? = 0
configure:3588: result: yes
configure:3597: checking whether /home/msmelo/spack/v0.18.1/opt/spack/linux-ubuntu20.04-skylake/gcc-9.4.0/gcc-11.3.0-gor5abgtediolsa73ah65c4gaqntkmun/bin/gcc accepts -g
configure:3617: /home/msmelo/spack/v0.18.1/opt/spack/linux-ubuntu20.04-skylake/gcc-9.4.0/gcc-11.3.0-gor5abgtediolsa73ah65c4gaqntkmun/bin/gcc -c -g  conftest.c >&5
configure:3617: $? = 0
configure:3658: result: yes
configure:3675: checking for /home/msmelo/spack/v0.18.1/opt/spack/linux-ubuntu20.04-skylake/gcc-9.4.0/gcc-11.3.0-gor5abgtediolsa73ah65c4gaqntkmun/bin/gcc option to accept ISO C89
configure:3738: /home/msmelo/spack/v0.18.1/opt/spack/linux-ubuntu20.04-skylake/gcc-9.4.0/gcc-11.3.0-gor5abgtediolsa73ah65c4gaqntkmun/bin/gcc  -c -g -O2  conftest.c >&5
configure:3738: $? = 0
configure:3751: result: none needed
configure:3776: checking whether /home/msmelo/spack/v0.18.1/opt/spack/linux-ubuntu20.04-skylake/gcc-9.4.0/gcc-11.3.0-gor5abgtediolsa73ah65c4gaqntkmun/bin/gcc understands -c and -o together
configure:3798: /home/msmelo/spack/v0.18.1/opt/spack/linux-ubuntu20.04-skylake/gcc-9.4.0/gcc-11.3.0-gor5abgtediolsa73ah65c4gaqntkmun/bin/gcc -c conftest.c -o conftest2.o
configure:3801: $? = 0
configure:3798: /home/msmelo/spack/v0.18.1/opt/spack/linux-ubuntu20.04-skylake/gcc-9.4.0/gcc-11.3.0-gor5abgtediolsa73ah65c4gaqntkmun/bin/gcc -c conftest.c -o conftest2.o
configure:3801: $? = 0
configure:3813: result: yes
configure:3832: checking dependency style of /home/msmelo/spack/v0.18.1/opt/spack/linux-ubuntu20.04-skylake/gcc-9.4.0/gcc-11.3.0-gor5abgtediolsa73ah65c4gaqntkmun/bin/gcc
configure:3943: result: none
configure:3964: checking how to run the C preprocessor
configure:3995: /home/msmelo/spack/v0.18.1/opt/spack/linux-ubuntu20.04-skylake/gcc-9.4.0/gcc-11.3.0-gor5abgtediolsa73ah65c4gaqntkmun/bin/gcc -E  conftest.c
configure:3995: $? = 0
configure:4009: /home/msmelo/spack/v0.18.1/opt/spack/linux-ubuntu20.04-skylake/gcc-9.4.0/gcc-11.3.0-gor5abgtediolsa73ah65c4gaqntkmun/bin/gcc -E  conftest.c
conftest.c:11:10: fatal error: ac_nonexistent.h: No such file or directory
   11 | #include <ac_nonexistent.h>
      |          ^~~~~~~~~~~~~~~~~~
compilation terminated.
configure:4009: $? = 1
configure: failed program was:
| /* confdefs.h */
| #define PACKAGE_NAME "../src/ramsmain.f90"
| #define PACKAGE_TARNAME "---src-ramsmain-f90"
| #define PACKAGE_VERSION "5.0.1"
| #define PACKAGE_STRING "../src/ramsmain.f90 5.0.1"
| #define PACKAGE_BUGREPORT ""
| #define PACKAGE_URL ""
| #define PACKAGE "brams"
| #define VERSION "5.0.1"
| /* end confdefs.h.  */
| #include <ac_nonexistent.h>
configure:4034: result: /home/msmelo/spack/v0.18.1/opt/spack/linux-ubuntu20.04-skylake/gcc-9.4.0/gcc-11.3.0-gor5abgtediolsa73ah65c4gaqntkmun/bin/gcc -E
configure:4054: /home/msmelo/spack/v0.18.1/opt/spack/linux-ubuntu20.04-skylake/gcc-9.4.0/gcc-11.3.0-gor5abgtediolsa73ah65c4gaqntkmun/bin/gcc -E  conftest.c
configure:4054: $? = 0
configure:4068: /home/msmelo/spack/v0.18.1/opt/spack/linux-ubuntu20.04-skylake/gcc-9.4.0/gcc-11.3.0-gor5abgtediolsa73ah65c4gaqntkmun/bin/gcc -E  conftest.c
conftest.c:11:10: fatal error: ac_nonexistent.h: No such file or directory
   11 | #include <ac_nonexistent.h>
      |          ^~~~~~~~~~~~~~~~~~
compilation terminated.
configure:4068: $? = 1
configure: failed program was:
| /* confdefs.h */
| #define PACKAGE_NAME "../src/ramsmain.f90"
| #define PACKAGE_TARNAME "---src-ramsmain-f90"
| #define PACKAGE_VERSION "5.0.1"
| #define PACKAGE_STRING "../src/ramsmain.f90 5.0.1"
| #define PACKAGE_BUGREPORT ""
| #define PACKAGE_URL ""
| #define PACKAGE "brams"
| #define VERSION "5.0.1"
| /* end confdefs.h.  */
| #include <ac_nonexistent.h>
configure:4097: checking for grep that handles long lines and -e
configure:4155: result: /usr/bin/grep
configure:4160: checking for egrep
configure:4222: result: /usr/bin/grep -E
configure:4227: checking for ANSI C header files
configure:4247: /home/msmelo/spack/v0.18.1/opt/spack/linux-ubuntu20.04-skylake/gcc-9.4.0/gcc-11.3.0-gor5abgtediolsa73ah65c4gaqntkmun/bin/gcc -c -g -O2  conftest.c >&5
configure:4247: $? = 0
configure:4320: /home/msmelo/spack/v0.18.1/opt/spack/linux-ubuntu20.04-skylake/gcc-9.4.0/gcc-11.3.0-gor5abgtediolsa73ah65c4gaqntkmun/bin/gcc -o conftest -g -O2   conftest.c  >&5
configure:4320: $? = 0
configure:4320: ./conftest
configure:4320: $? = 0
configure:4331: result: yes
configure:4344: checking for sys/types.h
configure:4344: /home/msmelo/spack/v0.18.1/opt/spack/linux-ubuntu20.04-skylake/gcc-9.4.0/gcc-11.3.0-gor5abgtediolsa73ah65c4gaqntkmun/bin/gcc -c -g -O2  conftest.c >&5
configure:4344: $? = 0
configure:4344: result: yes
configure:4344: checking for sys/stat.h
configure:4344: /home/msmelo/spack/v0.18.1/opt/spack/linux-ubuntu20.04-skylake/gcc-9.4.0/gcc-11.3.0-gor5abgtediolsa73ah65c4gaqntkmun/bin/gcc -c -g -O2  conftest.c >&5
configure:4344: $? = 0
configure:4344: result: yes
configure:4344: checking for stdlib.h
configure:4344: /home/msmelo/spack/v0.18.1/opt/spack/linux-ubuntu20.04-skylake/gcc-9.4.0/gcc-11.3.0-gor5abgtediolsa73ah65c4gaqntkmun/bin/gcc -c -g -O2  conftest.c >&5
configure:4344: $? = 0
configure:4344: result: yes
configure:4344: checking for string.h
configure:4344: /home/msmelo/spack/v0.18.1/opt/spack/linux-ubuntu20.04-skylake/gcc-9.4.0/gcc-11.3.0-gor5abgtediolsa73ah65c4gaqntkmun/bin/gcc -c -g -O2  conftest.c >&5
configure:4344: $? = 0
configure:4344: result: yes
configure:4344: checking for memory.h
configure:4344: /home/msmelo/spack/v0.18.1/opt/spack/linux-ubuntu20.04-skylake/gcc-9.4.0/gcc-11.3.0-gor5abgtediolsa73ah65c4gaqntkmun/bin/gcc -c -g -O2  conftest.c >&5
configure:4344: $? = 0
configure:4344: result: yes
configure:4344: checking for strings.h
configure:4344: /home/msmelo/spack/v0.18.1/opt/spack/linux-ubuntu20.04-skylake/gcc-9.4.0/gcc-11.3.0-gor5abgtediolsa73ah65c4gaqntkmun/bin/gcc -c -g -O2  conftest.c >&5
configure:4344: $? = 0
configure:4344: result: yes
configure:4344: checking for inttypes.h
configure:4344: /home/msmelo/spack/v0.18.1/opt/spack/linux-ubuntu20.04-skylake/gcc-9.4.0/gcc-11.3.0-gor5abgtediolsa73ah65c4gaqntkmun/bin/gcc -c -g -O2  conftest.c >&5
configure:4344: $? = 0
configure:4344: result: yes
configure:4344: checking for stdint.h
configure:4344: /home/msmelo/spack/v0.18.1/opt/spack/linux-ubuntu20.04-skylake/gcc-9.4.0/gcc-11.3.0-gor5abgtediolsa73ah65c4gaqntkmun/bin/gcc -c -g -O2  conftest.c >&5
configure:4344: $? = 0
configure:4344: result: yes
configure:4344: checking for unistd.h
configure:4344: /home/msmelo/spack/v0.18.1/opt/spack/linux-ubuntu20.04-skylake/gcc-9.4.0/gcc-11.3.0-gor5abgtediolsa73ah65c4gaqntkmun/bin/gcc -c -g -O2  conftest.c >&5
configure:4344: $? = 0
configure:4344: result: yes
configure:4358: checking zlib.h usability
configure:4358: /home/msmelo/spack/v0.18.1/opt/spack/linux-ubuntu20.04-skylake/gcc-9.4.0/gcc-11.3.0-gor5abgtediolsa73ah65c4gaqntkmun/bin/gcc -c -g -O2  conftest.c >&5
configure:4358: $? = 0
configure:4358: result: yes
configure:4358: checking zlib.h presence
configure:4358: /home/msmelo/spack/v0.18.1/opt/spack/linux-ubuntu20.04-skylake/gcc-9.4.0/gcc-11.3.0-gor5abgtediolsa73ah65c4gaqntkmun/bin/gcc -E  conftest.c
configure:4358: $? = 0
configure:4358: result: yes
configure:4358: checking for zlib.h
configure:4358: result: yes
configure:4372: checking hdf5 lib
configure:4664: checking that generated files are newer than configure
configure:4670: result: done
configure:4693: creating ./config.status

## ---------------------- ##
## Running config.status. ##
## ---------------------- ##

This file was extended by ../src/ramsmain.f90 config.status 5.0.1, which was
generated by GNU Autoconf 2.69.  Invocation command line was

  CONFIG_FILES    = 
  CONFIG_HEADERS  = 
  CONFIG_LINKS    = 
  CONFIG_COMMANDS = 
  $ ./config.status 

on sense8

config.status:787: creating Makefile
config.status:787: creating Make_utils
config.status:787: creating ../src/jules/LIB/Makefile
config.status:959: executing depfiles commands

## ---------------- ##
## Cache variables. ##
## ---------------- ##

ac_cv_c_compiler_gnu=yes
ac_cv_env_CC_set=set
ac_cv_env_CC_value=/home/msmelo/spack/v0.18.1/opt/spack/linux-ubuntu20.04-skylake/gcc-9.4.0/gcc-11.3.0-gor5abgtediolsa73ah65c4gaqntkmun/bin/gcc
ac_cv_env_CFLAGS_set=
ac_cv_env_CFLAGS_value=
ac_cv_env_CPPFLAGS_set=
ac_cv_env_CPPFLAGS_value=
ac_cv_env_CPP_set=
ac_cv_env_CPP_value=
ac_cv_env_LDFLAGS_set=
ac_cv_env_LDFLAGS_value=
ac_cv_env_LIBS_set=
ac_cv_env_LIBS_value=
ac_cv_env_build_alias_set=
ac_cv_env_build_alias_value=
ac_cv_env_host_alias_set=
ac_cv_env_host_alias_value=
ac_cv_env_target_alias_set=
ac_cv_env_target_alias_value=
ac_cv_header_inttypes_h=yes
ac_cv_header_memory_h=yes
ac_cv_header_stdc=yes
ac_cv_header_stdint_h=yes
ac_cv_header_stdlib_h=yes
ac_cv_header_string_h=yes
ac_cv_header_strings_h=yes
ac_cv_header_sys_stat_h=yes
ac_cv_header_sys_types_h=yes
ac_cv_header_unistd_h=yes
ac_cv_header_zlib_h=yes
ac_cv_objext=o
ac_cv_path_EGREP='/usr/bin/grep -E'
ac_cv_path_GREP=/usr/bin/grep
ac_cv_path_install='/usr/bin/install -c'
ac_cv_path_mkdir=/usr/bin/mkdir
ac_cv_prog_AWK=gawk
ac_cv_prog_CPP='/home/msmelo/spack/v0.18.1/opt/spack/linux-ubuntu20.04-skylake/gcc-9.4.0/gcc-11.3.0-gor5abgtediolsa73ah65c4gaqntkmun/bin/gcc -E'
ac_cv_prog_ac_ct_CC=/home/msmelo/spack/v0.18.1/opt/spack/linux-ubuntu20.04-skylake/gcc-9.4.0/gcc-11.3.0-gor5abgtediolsa73ah65c4gaqntkmun/bin/gcc
ac_cv_prog_cc_c89=
ac_cv_prog_cc_g=yes
ac_cv_prog_make_make_set=yes
am_cv_CC_dependencies_compiler_type=none
am_cv_make_support_nested_variables=yes
am_cv_prog_cc_c_o=yes

## ----------------- ##
## Output variables. ##
## ----------------- ##

ACLOCAL='${SHELL} /home/msmelo/uff/BRAMS-5.2-modified/build_gcc11/missing aclocal-1.14'
AER='SIMPLE'
AMDEPBACKSLASH='\'
AMDEP_FALSE='#'
AMDEP_TRUE=''
AMTAR='$${TAR-tar}'
AM_BACKSLASH='\'
AM_DEFAULT_V='$(AM_DEFAULT_VERBOSITY)'
AM_DEFAULT_VERBOSITY='1'
AM_V='$(V)'
AUTOCONF='${SHELL} /home/msmelo/uff/BRAMS-5.2-modified/build_gcc11/missing autoconf'
AUTOHEADER='${SHELL} /home/msmelo/uff/BRAMS-5.2-modified/build_gcc11/missing autoheader'
AUTOMAKE='${SHELL} /home/msmelo/uff/BRAMS-5.2-modified/build_gcc11/missing automake-1.14'
AWK='gawk'
CC='/home/msmelo/spack/v0.18.1/opt/spack/linux-ubuntu20.04-skylake/gcc-9.4.0/gcc-11.3.0-gor5abgtediolsa73ah65c4gaqntkmun/bin/gcc'
CCDEPMODE='depmode=none'
CCOMP='gcc'
CFLAGS='-g -O2'
CHEM='RELACS_TUV'
CMACH='PC_LINUX1'
CPCOMP='mpicc'
CPP='/home/msmelo/spack/v0.18.1/opt/spack/linux-ubuntu20.04-skylake/gcc-9.4.0/gcc-11.3.0-gor5abgtediolsa73ah65c4gaqntkmun/bin/gcc -E'
CPPFLAGS=''
CYGPATH_W='echo'
DEFS='-DPACKAGE_NAME=\"../src/ramsmain.f90\" -DPACKAGE_TARNAME=\"---src-ramsmain-f90\" -DPACKAGE_VERSION=\"5.0.1\" -DPACKAGE_STRING=\"../src/ramsmain.f90\ 5.0.1\" -DPACKAGE_BUGREPORT=\"\" -DPACKAGE_URL=\"\" -DPACKAGE=\"brams\" -DVERSION=\"5.0.1\" -DSTDC_HEADERS=1 -DHAVE_SYS_TYPES_H=1 -DHAVE_SYS_STAT_H=1 -DHAVE_STDLIB_H=1 -DHAVE_STRING_H=1 -DHAVE_MEMORY_H=1 -DHAVE_STRINGS_H=1 -DHAVE_INTTYPES_H=1 -DHAVE_STDINT_H=1 -DHAVE_UNISTD_H=1 -DHAVE_ZLIB_H=1'
DEPDIR='.deps'
ECHO_C=''
ECHO_N='-n'
ECHO_T=''
EGREP='/usr/bin/grep -E'
EXEEXT=''
FCOMP='gfortran'
FPCOMP='mpif90'
GREP='/usr/bin/grep'
HAVE_ZLIB='no'
HDF5LIB='/home/msmelo/spack/v0.18.1/opt/spack/linux-ubuntu20.04-skylake/gcc-9.4.0/hdf5-1.12.2-ex2m2uihugshflqpoua4dchbkbhsugsu'
INSTALL_DATA='${INSTALL} -m 644'
INSTALL_PROGRAM='${INSTALL}'
INSTALL_SCRIPT='${INSTALL}'
INSTALL_STRIP_PROGRAM='$(install_sh) -c -s'
LDFLAGS=''
LIBOBJS=''
LIBS=''
LTLIBOBJS=''
MAKEINFO='${SHELL} /home/msmelo/uff/BRAMS-5.2-modified/build_gcc11/missing makeinfo'
MATRIXLEV='1'
MKDIR_P='/usr/bin/mkdir -p'
OBJEXT='o'
PACKAGE='brams'
PACKAGE_BUGREPORT=''
PACKAGE_NAME='../src/ramsmain.f90'
PACKAGE_STRING='../src/ramsmain.f90 5.0.1'
PACKAGE_TARNAME='---src-ramsmain-f90'
PACKAGE_URL=''
PACKAGE_VERSION='5.0.1'
PAR_DEFS='-DRAMS_MPI'
PATH_SEPARATOR=':'
SET_MAKE=''
SHELL='/bin/bash'
STRIP=''
VERSION='5.0.1'
ZLIB=''
ac_ct_CC='/home/msmelo/spack/v0.18.1/opt/spack/linux-ubuntu20.04-skylake/gcc-9.4.0/gcc-11.3.0-gor5abgtediolsa73ah65c4gaqntkmun/bin/gcc'
am__EXEEXT_FALSE=''
am__EXEEXT_TRUE='#'
am__fastdepCC_FALSE=''
am__fastdepCC_TRUE='#'
am__include='include'
am__isrc=''
am__leading_dot='.'
am__nodep='_no'
am__quote=''
am__tar='$${TAR-tar} chof - "$$tardir"'
am__untar='$${TAR-tar} xf -'
bindir='${exec_prefix}/bin'
build_alias=''
datadir='${datarootdir}'
datarootdir='${prefix}/share'
docdir='${datarootdir}/doc/${PACKAGE_TARNAME}'
dvidir='${docdir}'
exec_prefix='${prefix}'
host_alias=''
htmldir='${docdir}'
includedir='${prefix}/include'
infodir='${datarootdir}/info'
install_sh='${SHELL} /home/msmelo/uff/BRAMS-5.2-modified/build_gcc11/install-sh'
jules='false'
libdir='${exec_prefix}/lib'
libexecdir='${exec_prefix}/libexec'
localedir='${datarootdir}/locale'
localstatedir='${prefix}/var'
mandir='${datarootdir}/man'
mkdir_p='$(MKDIR_P)'
oldincludedir='/usr/include'
pdfdir='${docdir}'
prefix='/home/msmelo/uff/BRAMS-5.2-modified/build_gcc11'
program_transform_name='s&^&BRAMS&'
psdir='${docdir}'
sbindir='${exec_prefix}/sbin'
sharedstatedir='${prefix}/com'
sysconfdir='${prefix}/etc'
target_alias=''

## ----------- ##
## confdefs.h. ##
## ----------- ##

/* confdefs.h */
#define PACKAGE_NAME "../src/ramsmain.f90"
#define PACKAGE_TARNAME "---src-ramsmain-f90"
#define PACKAGE_VERSION "5.0.1"
#define PACKAGE_STRING "../src/ramsmain.f90 5.0.1"
#define PACKAGE_BUGREPORT ""
#define PACKAGE_URL ""
#define PACKAGE "brams"
#define VERSION "5.0.1"
#define STDC_HEADERS 1
#define HAVE_SYS_TYPES_H 1
#define HAVE_SYS_STAT_H 1
#define HAVE_STDLIB_H 1
#define HAVE_STRING_H 1
#define HAVE_MEMORY_H 1
#define HAVE_STRINGS_H 1
#define HAVE_INTTYPES_H 1
#define HAVE_STDINT_H 1
#define HAVE_UNISTD_H 1
#define HAVE_ZLIB_H 1

configure: exit 0
